The system is: Linux - 5.10.16.3-microsoft-standard-WSL2 - x86_64
Compiling the C compiler identification source file "CMakeCCompilerId.c" succeeded.
Compiler: /usr/bin/cc 
Build flags: 
Id flags:  

The output was:
0


Compilation of the C compiler identification source "CMakeCCompilerId.c" produced "a.out"

The C compiler identification is GNU, found in "/home/caozhanhao/dev/opqr-python/build/CMakeFiles/3.24.2/CompilerIdC/a.out"

Compiling the CXX compiler identification source file "CMakeCXXCompilerId.cpp" succeeded.
Compiler: /usr/bin/c++ 
Build flags: 
Id flags:  

The output was:
0


Compilation of the CXX compiler identification source "CMakeCXXCompilerId.cpp" produced "a.out"

The CXX compiler identification is GNU, found in "/home/caozhanhao/dev/opqr-python/build/CMakeFiles/3.24.2/CompilerIdCXX/a.out"

Detecting C compiler ABI info compiled with the following output:
Change Dir: /home/caozhanhao/dev/opqr-python/build/CMakeFiles/CMakeTmp

Run Build Command(s):/usr/bin/make -f Makefile cmTC_3e672/fast && /usr/bin/make  -f CMakeFiles/cmTC_3e672.dir/build.make CMakeFiles/cmTC_3e672.dir/build
make[1]: Entering directory '/home/caozhanhao/dev/opqr-python/build/CMakeFiles/CMakeTmp'
Building C object CMakeFiles/cmTC_3e672.dir/CMakeCCompilerABI.c.o
/usr/bin/cc   -v -o CMakeFiles/cmTC_3e672.dir/CMakeCCompilerABI.c.o -c /opt/cmake-3.24.2-linux-x86_64/share/cmake-3.24/Modules/CMakeCCompilerABI.c
Using built-in specs.
COLLECT_GCC=/usr/bin/cc
Target: x86_64-pc-linux-gnu
Configured with: ../src/configure --disable-multilib
Thread model: posix
Supported LTO compression algorithms: zlib
gcc version 12.0.1 20220210 (experimental) (GCC) 
COLLECT_GCC_OPTIONS='-v' '-o' 'CMakeFiles/cmTC_3e672.dir/CMakeCCompilerABI.c.o' '-c' '-mtune=generic' '-march=x86-64' '-dumpdir' 'CMakeFiles/cmTC_3e672.dir/'
 /usr/local/libexec/gcc/x86_64-pc-linux-gnu/12.0.1/cc1 -quiet -v -imultiarch x86_64-linux-gnu /opt/cmake-3.24.2-linux-x86_64/share/cmake-3.24/Modules/CMakeCCompilerABI.c -quiet -dumpdir CMakeFiles/cmTC_3e672.dir/ -dumpbase CMakeCCompilerABI.c.c -dumpbase-ext .c -mtune=generic -march=x86-64 -version -o /tmp/ccHtYNNa.s
GNU C17 (GCC) version 12.0.1 20220210 (experimental) (x86_64-pc-linux-gnu)
	compiled by GNU C version 12.0.1 20220210 (experimental), GMP version 6.2.0, MPFR version 4.0.2, MPC version 1.1.0, isl version none
GGC heuristics: --param ggc-min-expand=30 --param ggc-min-heapsize=4096
ignoring nonexistent directory "/usr/local/include/x86_64-linux-gnu"
ignoring nonexistent directory "/usr/local/lib/gcc/x86_64-pc-linux-gnu/12.0.1/../../../../x86_64-pc-linux-gnu/include"
#include "..." search starts here:
#include <...> search starts here:
 /usr/local/lib/gcc/x86_64-pc-linux-gnu/12.0.1/include
 /usr/local/include
 /usr/local/lib/gcc/x86_64-pc-linux-gnu/12.0.1/include-fixed
 /usr/include/x86_64-linux-gnu
 /usr/include
End of search list.
GNU C17 (GCC) version 12.0.1 20220210 (experimental) (x86_64-pc-linux-gnu)
	compiled by GNU C version 12.0.1 20220210 (experimental), GMP version 6.2.0, MPFR version 4.0.2, MPC version 1.1.0, isl version none
GGC heuristics: --param ggc-min-expand=30 --param ggc-min-heapsize=4096
Compiler executable checksum: 05fb9222db7467efcf00f3a16f5d100d
COLLECT_GCC_OPTIONS='-v' '-o' 'CMakeFiles/cmTC_3e672.dir/CMakeCCompilerABI.c.o' '-c' '-mtune=generic' '-march=x86-64' '-dumpdir' 'CMakeFiles/cmTC_3e672.dir/'
 as -v --64 -o CMakeFiles/cmTC_3e672.dir/CMakeCCompilerABI.c.o /tmp/ccHtYNNa.s
GNU assembler version 2.34 (x86_64-linux-gnu) using BFD version (GNU Binutils for Ubuntu) 2.34
COMPILER_PATH=/usr/local/libexec/gcc/x86_64-pc-linux-gnu/12.0.1/:/usr/local/libexec/gcc/x86_64-pc-linux-gnu/12.0.1/:/usr/local/libexec/gcc/x86_64-pc-linux-gnu/:/usr/local/lib/gcc/x86_64-pc-linux-gnu/12.0.1/:/usr/local/lib/gcc/x86_64-pc-linux-gnu/
LIBRARY_PATH=/usr/local/lib/gcc/x86_64-pc-linux-gnu/12.0.1/:/usr/local/lib/gcc/x86_64-pc-linux-gnu/12.0.1/../../../../lib64/:/lib/x86_64-linux-gnu/:/lib/../lib64/:/usr/lib/x86_64-linux-gnu/:/usr/lib/../lib64/:/usr/local/lib/gcc/x86_64-pc-linux-gnu/12.0.1/../../../:/lib/:/usr/lib/
COLLECT_GCC_OPTIONS='-v' '-o' 'CMakeFiles/cmTC_3e672.dir/CMakeCCompilerABI.c.o' '-c' '-mtune=generic' '-march=x86-64' '-dumpdir' 'CMakeFiles/cmTC_3e672.dir/CMakeCCompilerABI.c.'
Linking C executable cmTC_3e672
/opt/cmake-3.24.2-linux-x86_64/bin/cmake -E cmake_link_script CMakeFiles/cmTC_3e672.dir/link.txt --verbose=1
/usr/bin/cc  -v CMakeFiles/cmTC_3e672.dir/CMakeCCompilerABI.c.o -o cmTC_3e672 
Using built-in specs.
COLLECT_GCC=/usr/bin/cc
COLLECT_LTO_WRAPPER=/usr/local/libexec/gcc/x86_64-pc-linux-gnu/12.0.1/lto-wrapper
Target: x86_64-pc-linux-gnu
Configured with: ../src/configure --disable-multilib
Thread model: posix
Supported LTO compression algorithms: zlib
gcc version 12.0.1 20220210 (experimental) (GCC) 
COMPILER_PATH=/usr/local/libexec/gcc/x86_64-pc-linux-gnu/12.0.1/:/usr/local/libexec/gcc/x86_64-pc-linux-gnu/12.0.1/:/usr/local/libexec/gcc/x86_64-pc-linux-gnu/:/usr/local/lib/gcc/x86_64-pc-linux-gnu/12.0.1/:/usr/local/lib/gcc/x86_64-pc-linux-gnu/
LIBRARY_PATH=/usr/local/lib/gcc/x86_64-pc-linux-gnu/12.0.1/:/usr/local/lib/gcc/x86_64-pc-linux-gnu/12.0.1/../../../../lib64/:/lib/x86_64-linux-gnu/:/lib/../lib64/:/usr/lib/x86_64-linux-gnu/:/usr/lib/../lib64/:/usr/local/lib/gcc/x86_64-pc-linux-gnu/12.0.1/../../../:/lib/:/usr/lib/
COLLECT_GCC_OPTIONS='-v' '-o' 'cmTC_3e672' '-mtune=generic' '-march=x86-64' '-dumpdir' 'cmTC_3e672.'
 /usr/local/libexec/gcc/x86_64-pc-linux-gnu/12.0.1/collect2 -plugin /usr/local/libexec/gcc/x86_64-pc-linux-gnu/12.0.1/liblto_plugin.so -plugin-opt=/usr/local/libexec/gcc/x86_64-pc-linux-gnu/12.0.1/lto-wrapper -plugin-opt=-fresolution=/tmp/ccgzsXKD.res -plugin-opt=-pass-through=-lgcc -plugin-opt=-pass-through=-lgcc_s -plugin-opt=-pass-through=-lc -plugin-opt=-pass-through=-lgcc -plugin-opt=-pass-through=-lgcc_s --eh-frame-hdr -m elf_x86_64 -dynamic-linker /lib64/ld-linux-x86-64.so.2 -o cmTC_3e672 /lib/x86_64-linux-gnu/crt1.o /lib/x86_64-linux-gnu/crti.o /usr/local/lib/gcc/x86_64-pc-linux-gnu/12.0.1/crtbegin.o -L/usr/local/lib/gcc/x86_64-pc-linux-gnu/12.0.1 -L/usr/local/lib/gcc/x86_64-pc-linux-gnu/12.0.1/../../../../lib64 -L/lib/x86_64-linux-gnu -L/lib/../lib64 -L/usr/lib/x86_64-linux-gnu -L/usr/lib/../lib64 -L/usr/local/lib/gcc/x86_64-pc-linux-gnu/12.0.1/../../.. CMakeFiles/cmTC_3e672.dir/CMakeCCompilerABI.c.o -lgcc --push-state --as-needed -lgcc_s --pop-state -lc -lgcc --push-state --as-needed -lgcc_s --pop-state /usr/local/lib/gcc/x86_64-pc-linux-gnu/12.0.1/crtend.o /lib/x86_64-linux-gnu/crtn.o
COLLECT_GCC_OPTIONS='-v' '-o' 'cmTC_3e672' '-mtune=generic' '-march=x86-64' '-dumpdir' 'cmTC_3e672.'
make[1]: Leaving directory '/home/caozhanhao/dev/opqr-python/build/CMakeFiles/CMakeTmp'



Parsed C implicit include dir info from above output: rv=done
  found start of include info
  found start of implicit include info
    add: [/usr/local/lib/gcc/x86_64-pc-linux-gnu/12.0.1/include]
    add: [/usr/local/include]
    add: [/usr/local/lib/gcc/x86_64-pc-linux-gnu/12.0.1/include-fixed]
    add: [/usr/include/x86_64-linux-gnu]
    add: [/usr/include]
  end of search list found
  collapse include dir [/usr/local/lib/gcc/x86_64-pc-linux-gnu/12.0.1/include] ==> [/usr/local/lib/gcc/x86_64-pc-linux-gnu/12.0.1/include]
  collapse include dir [/usr/local/include] ==> [/usr/local/include]
  collapse include dir [/usr/local/lib/gcc/x86_64-pc-linux-gnu/12.0.1/include-fixed] ==> [/usr/local/lib/gcc/x86_64-pc-linux-gnu/12.0.1/include-fixed]
  collapse include dir [/usr/include/x86_64-linux-gnu] ==> [/usr/include/x86_64-linux-gnu]
  collapse include dir [/usr/include] ==> [/usr/include]
  implicit include dirs: [/usr/local/lib/gcc/x86_64-pc-linux-gnu/12.0.1/include;/usr/local/include;/usr/local/lib/gcc/x86_64-pc-linux-gnu/12.0.1/include-fixed;/usr/include/x86_64-linux-gnu;/usr/include]


Parsed C implicit link information from above output:
  link line regex: [^( *|.*[/\])(ld|CMAKE_LINK_STARTFILE-NOTFOUND|([^/\]+-)?ld|collect2)[^/\]*( |$)]
  ignore line: [Change Dir: /home/caozhanhao/dev/opqr-python/build/CMakeFiles/CMakeTmp]
  ignore line: []
  ignore line: [Run Build Command(s):/usr/bin/make -f Makefile cmTC_3e672/fast && /usr/bin/make  -f CMakeFiles/cmTC_3e672.dir/build.make CMakeFiles/cmTC_3e672.dir/build]
  ignore line: [make[1]: Entering directory '/home/caozhanhao/dev/opqr-python/build/CMakeFiles/CMakeTmp']
  ignore line: [Building C object CMakeFiles/cmTC_3e672.dir/CMakeCCompilerABI.c.o]
  ignore line: [/usr/bin/cc   -v -o CMakeFiles/cmTC_3e672.dir/CMakeCCompilerABI.c.o -c /opt/cmake-3.24.2-linux-x86_64/share/cmake-3.24/Modules/CMakeCCompilerABI.c]
  ignore line: [Using built-in specs.]
  ignore line: [COLLECT_GCC=/usr/bin/cc]
  ignore line: [Target: x86_64-pc-linux-gnu]
  ignore line: [Configured with: ../src/configure --disable-multilib]
  ignore line: [Thread model: posix]
  ignore line: [Supported LTO compression algorithms: zlib]
  ignore line: [gcc version 12.0.1 20220210 (experimental) (GCC) ]
  ignore line: [COLLECT_GCC_OPTIONS='-v' '-o' 'CMakeFiles/cmTC_3e672.dir/CMakeCCompilerABI.c.o' '-c' '-mtune=generic' '-march=x86-64' '-dumpdir' 'CMakeFiles/cmTC_3e672.dir/']
  ignore line: [ /usr/local/libexec/gcc/x86_64-pc-linux-gnu/12.0.1/cc1 -quiet -v -imultiarch x86_64-linux-gnu /opt/cmake-3.24.2-linux-x86_64/share/cmake-3.24/Modules/CMakeCCompilerABI.c -quiet -dumpdir CMakeFiles/cmTC_3e672.dir/ -dumpbase CMakeCCompilerABI.c.c -dumpbase-ext .c -mtune=generic -march=x86-64 -version -o /tmp/ccHtYNNa.s]
  ignore line: [GNU C17 (GCC) version 12.0.1 20220210 (experimental) (x86_64-pc-linux-gnu)]
  ignore line: [	compiled by GNU C version 12.0.1 20220210 (experimental)  GMP version 6.2.0  MPFR version 4.0.2  MPC version 1.1.0  isl version none]
  ignore line: [GGC heuristics: --param ggc-min-expand=30 --param ggc-min-heapsize=4096]
  ignore line: [ignoring nonexistent directory "/usr/local/include/x86_64-linux-gnu"]
  ignore line: [ignoring nonexistent directory "/usr/local/lib/gcc/x86_64-pc-linux-gnu/12.0.1/../../../../x86_64-pc-linux-gnu/include"]
  ignore line: [#include "..." search starts here:]
  ignore line: [#include <...> search starts here:]
  ignore line: [ /usr/local/lib/gcc/x86_64-pc-linux-gnu/12.0.1/include]
  ignore line: [ /usr/local/include]
  ignore line: [ /usr/local/lib/gcc/x86_64-pc-linux-gnu/12.0.1/include-fixed]
  ignore line: [ /usr/include/x86_64-linux-gnu]
  ignore line: [ /usr/include]
  ignore line: [End of search list.]
  ignore line: [GNU C17 (GCC) version 12.0.1 20220210 (experimental) (x86_64-pc-linux-gnu)]
  ignore line: [	compiled by GNU C version 12.0.1 20220210 (experimental)  GMP version 6.2.0  MPFR version 4.0.2  MPC version 1.1.0  isl version none]
  ignore line: [GGC heuristics: --param ggc-min-expand=30 --param ggc-min-heapsize=4096]
  ignore line: [Compiler executable checksum: 05fb9222db7467efcf00f3a16f5d100d]
  ignore line: [COLLECT_GCC_OPTIONS='-v' '-o' 'CMakeFiles/cmTC_3e672.dir/CMakeCCompilerABI.c.o' '-c' '-mtune=generic' '-march=x86-64' '-dumpdir' 'CMakeFiles/cmTC_3e672.dir/']
  ignore line: [ as -v --64 -o CMakeFiles/cmTC_3e672.dir/CMakeCCompilerABI.c.o /tmp/ccHtYNNa.s]
  ignore line: [GNU assembler version 2.34 (x86_64-linux-gnu) using BFD version (GNU Binutils for Ubuntu) 2.34]
  ignore line: [COMPILER_PATH=/usr/local/libexec/gcc/x86_64-pc-linux-gnu/12.0.1/:/usr/local/libexec/gcc/x86_64-pc-linux-gnu/12.0.1/:/usr/local/libexec/gcc/x86_64-pc-linux-gnu/:/usr/local/lib/gcc/x86_64-pc-linux-gnu/12.0.1/:/usr/local/lib/gcc/x86_64-pc-linux-gnu/]
  ignore line: [LIBRARY_PATH=/usr/local/lib/gcc/x86_64-pc-linux-gnu/12.0.1/:/usr/local/lib/gcc/x86_64-pc-linux-gnu/12.0.1/../../../../lib64/:/lib/x86_64-linux-gnu/:/lib/../lib64/:/usr/lib/x86_64-linux-gnu/:/usr/lib/../lib64/:/usr/local/lib/gcc/x86_64-pc-linux-gnu/12.0.1/../../../:/lib/:/usr/lib/]
  ignore line: [COLLECT_GCC_OPTIONS='-v' '-o' 'CMakeFiles/cmTC_3e672.dir/CMakeCCompilerABI.c.o' '-c' '-mtune=generic' '-march=x86-64' '-dumpdir' 'CMakeFiles/cmTC_3e672.dir/CMakeCCompilerABI.c.']
  ignore line: [Linking C executable cmTC_3e672]
  ignore line: [/opt/cmake-3.24.2-linux-x86_64/bin/cmake -E cmake_link_script CMakeFiles/cmTC_3e672.dir/link.txt --verbose=1]
  ignore line: [/usr/bin/cc  -v CMakeFiles/cmTC_3e672.dir/CMakeCCompilerABI.c.o -o cmTC_3e672 ]
  ignore line: [Using built-in specs.]
  ignore line: [COLLECT_GCC=/usr/bin/cc]
  ignore line: [COLLECT_LTO_WRAPPER=/usr/local/libexec/gcc/x86_64-pc-linux-gnu/12.0.1/lto-wrapper]
  ignore line: [Target: x86_64-pc-linux-gnu]
  ignore line: [Configured with: ../src/configure --disable-multilib]
  ignore line: [Thread model: posix]
  ignore line: [Supported LTO compression algorithms: zlib]
  ignore line: [gcc version 12.0.1 20220210 (experimental) (GCC) ]
  ignore line: [COMPILER_PATH=/usr/local/libexec/gcc/x86_64-pc-linux-gnu/12.0.1/:/usr/local/libexec/gcc/x86_64-pc-linux-gnu/12.0.1/:/usr/local/libexec/gcc/x86_64-pc-linux-gnu/:/usr/local/lib/gcc/x86_64-pc-linux-gnu/12.0.1/:/usr/local/lib/gcc/x86_64-pc-linux-gnu/]
  ignore line: [LIBRARY_PATH=/usr/local/lib/gcc/x86_64-pc-linux-gnu/12.0.1/:/usr/local/lib/gcc/x86_64-pc-linux-gnu/12.0.1/../../../../lib64/:/lib/x86_64-linux-gnu/:/lib/../lib64/:/usr/lib/x86_64-linux-gnu/:/usr/lib/../lib64/:/usr/local/lib/gcc/x86_64-pc-linux-gnu/12.0.1/../../../:/lib/:/usr/lib/]
  ignore line: [COLLECT_GCC_OPTIONS='-v' '-o' 'cmTC_3e672' '-mtune=generic' '-march=x86-64' '-dumpdir' 'cmTC_3e672.']
  link line: [ /usr/local/libexec/gcc/x86_64-pc-linux-gnu/12.0.1/collect2 -plugin /usr/local/libexec/gcc/x86_64-pc-linux-gnu/12.0.1/liblto_plugin.so -plugin-opt=/usr/local/libexec/gcc/x86_64-pc-linux-gnu/12.0.1/lto-wrapper -plugin-opt=-fresolution=/tmp/ccgzsXKD.res -plugin-opt=-pass-through=-lgcc -plugin-opt=-pass-through=-lgcc_s -plugin-opt=-pass-through=-lc -plugin-opt=-pass-through=-lgcc -plugin-opt=-pass-through=-lgcc_s --eh-frame-hdr -m elf_x86_64 -dynamic-linker /lib64/ld-linux-x86-64.so.2 -o cmTC_3e672 /lib/x86_64-linux-gnu/crt1.o /lib/x86_64-linux-gnu/crti.o /usr/local/lib/gcc/x86_64-pc-linux-gnu/12.0.1/crtbegin.o -L/usr/local/lib/gcc/x86_64-pc-linux-gnu/12.0.1 -L/usr/local/lib/gcc/x86_64-pc-linux-gnu/12.0.1/../../../../lib64 -L/lib/x86_64-linux-gnu -L/lib/../lib64 -L/usr/lib/x86_64-linux-gnu -L/usr/lib/../lib64 -L/usr/local/lib/gcc/x86_64-pc-linux-gnu/12.0.1/../../.. CMakeFiles/cmTC_3e672.dir/CMakeCCompilerABI.c.o -lgcc --push-state --as-needed -lgcc_s --pop-state -lc -lgcc --push-state --as-needed -lgcc_s --pop-state /usr/local/lib/gcc/x86_64-pc-linux-gnu/12.0.1/crtend.o /lib/x86_64-linux-gnu/crtn.o]
    arg [/usr/local/libexec/gcc/x86_64-pc-linux-gnu/12.0.1/collect2] ==> ignore
    arg [-plugin] ==> ignore
    arg [/usr/local/libexec/gcc/x86_64-pc-linux-gnu/12.0.1/liblto_plugin.so] ==> ignore
    arg [-plugin-opt=/usr/local/libexec/gcc/x86_64-pc-linux-gnu/12.0.1/lto-wrapper] ==> ignore
    arg [-plugin-opt=-fresolution=/tmp/ccgzsXKD.res] ==> ignore
    arg [-plugin-opt=-pass-through=-lgcc] ==> ignore
    arg [-plugin-opt=-pass-through=-lgcc_s] ==> ignore
    arg [-plugin-opt=-pass-through=-lc] ==> ignore
    arg [-plugin-opt=-pass-through=-lgcc] ==> ignore
    arg [-plugin-opt=-pass-through=-lgcc_s] ==> ignore
    arg [--eh-frame-hdr] ==> ignore
    arg [-m] ==> ignore
    arg [elf_x86_64] ==> ignore
    arg [-dynamic-linker] ==> ignore
    arg [/lib64/ld-linux-x86-64.so.2] ==> ignore
    arg [-o] ==> ignore
    arg [cmTC_3e672] ==> ignore
    arg [/lib/x86_64-linux-gnu/crt1.o] ==> obj [/lib/x86_64-linux-gnu/crt1.o]
    arg [/lib/x86_64-linux-gnu/crti.o] ==> obj [/lib/x86_64-linux-gnu/crti.o]
    arg [/usr/local/lib/gcc/x86_64-pc-linux-gnu/12.0.1/crtbegin.o] ==> obj [/usr/local/lib/gcc/x86_64-pc-linux-gnu/12.0.1/crtbegin.o]
    arg [-L/usr/local/lib/gcc/x86_64-pc-linux-gnu/12.0.1] ==> dir [/usr/local/lib/gcc/x86_64-pc-linux-gnu/12.0.1]
    arg [-L/usr/local/lib/gcc/x86_64-pc-linux-gnu/12.0.1/../../../../lib64] ==> dir [/usr/local/lib/gcc/x86_64-pc-linux-gnu/12.0.1/../../../../lib64]
    arg [-L/lib/x86_64-linux-gnu] ==> dir [/lib/x86_64-linux-gnu]
    arg [-L/lib/../lib64] ==> dir [/lib/../lib64]
    arg [-L/usr/lib/x86_64-linux-gnu] ==> dir [/usr/lib/x86_64-linux-gnu]
    arg [-L/usr/lib/../lib64] ==> dir [/usr/lib/../lib64]
    arg [-L/usr/local/lib/gcc/x86_64-pc-linux-gnu/12.0.1/../../..] ==> dir [/usr/local/lib/gcc/x86_64-pc-linux-gnu/12.0.1/../../..]
    arg [CMakeFiles/cmTC_3e672.dir/CMakeCCompilerABI.c.o] ==> ignore
    arg [-lgcc] ==> lib [gcc]
    arg [--push-state] ==> ignore
    arg [--as-needed] ==> ignore
    arg [-lgcc_s] ==> lib [gcc_s]
    arg [--pop-state] ==> ignore
    arg [-lc] ==> lib [c]
    arg [-lgcc] ==> lib [gcc]
    arg [--push-state] ==> ignore
    arg [--as-needed] ==> ignore
    arg [-lgcc_s] ==> lib [gcc_s]
    arg [--pop-state] ==> ignore
    arg [/usr/local/lib/gcc/x86_64-pc-linux-gnu/12.0.1/crtend.o] ==> obj [/usr/local/lib/gcc/x86_64-pc-linux-gnu/12.0.1/crtend.o]
    arg [/lib/x86_64-linux-gnu/crtn.o] ==> obj [/lib/x86_64-linux-gnu/crtn.o]
  collapse library dir [/usr/local/lib/gcc/x86_64-pc-linux-gnu/12.0.1] ==> [/usr/local/lib/gcc/x86_64-pc-linux-gnu/12.0.1]
  collapse library dir [/usr/local/lib/gcc/x86_64-pc-linux-gnu/12.0.1/../../../../lib64] ==> [/usr/local/lib64]
  collapse library dir [/lib/x86_64-linux-gnu] ==> [/lib/x86_64-linux-gnu]
  collapse library dir [/lib/../lib64] ==> [/lib64]
  collapse library dir [/usr/lib/x86_64-linux-gnu] ==> [/usr/lib/x86_64-linux-gnu]
  collapse library dir [/usr/lib/../lib64] ==> [/usr/lib64]
  collapse library dir [/usr/local/lib/gcc/x86_64-pc-linux-gnu/12.0.1/../../..] ==> [/usr/local/lib]
  implicit libs: [gcc;gcc_s;c;gcc;gcc_s]
  implicit objs: [/lib/x86_64-linux-gnu/crt1.o;/lib/x86_64-linux-gnu/crti.o;/usr/local/lib/gcc/x86_64-pc-linux-gnu/12.0.1/crtbegin.o;/usr/local/lib/gcc/x86_64-pc-linux-gnu/12.0.1/crtend.o;/lib/x86_64-linux-gnu/crtn.o]
  implicit dirs: [/usr/local/lib/gcc/x86_64-pc-linux-gnu/12.0.1;/usr/local/lib64;/lib/x86_64-linux-gnu;/lib64;/usr/lib/x86_64-linux-gnu;/usr/lib64;/usr/local/lib]
  implicit fwks: []


Detecting CXX compiler ABI info compiled with the following output:
Change Dir: /home/caozhanhao/dev/opqr-python/build/CMakeFiles/CMakeTmp

Run Build Command(s):/usr/bin/make -f Makefile cmTC_606cb/fast && /usr/bin/make  -f CMakeFiles/cmTC_606cb.dir/build.make CMakeFiles/cmTC_606cb.dir/build
make[1]: Entering directory '/home/caozhanhao/dev/opqr-python/build/CMakeFiles/CMakeTmp'
Building CXX object CMakeFiles/cmTC_606cb.dir/CMakeCXXCompilerABI.cpp.o
/usr/bin/c++   -v -o CMakeFiles/cmTC_606cb.dir/CMakeCXXCompilerABI.cpp.o -c /opt/cmake-3.24.2-linux-x86_64/share/cmake-3.24/Modules/CMakeCXXCompilerABI.cpp
Using built-in specs.
COLLECT_GCC=/usr/bin/c++
Target: x86_64-pc-linux-gnu
Configured with: ../src/configure --disable-multilib
Thread model: posix
Supported LTO compression algorithms: zlib
gcc version 12.0.1 20220210 (experimental) (GCC) 
COLLECT_GCC_OPTIONS='-v' '-o' 'CMakeFiles/cmTC_606cb.dir/CMakeCXXCompilerABI.cpp.o' '-c' '-shared-libgcc' '-mtune=generic' '-march=x86-64' '-dumpdir' 'CMakeFiles/cmTC_606cb.dir/'
 /usr/local/libexec/gcc/x86_64-pc-linux-gnu/12.0.1/cc1plus -quiet -v -imultiarch x86_64-linux-gnu -D_GNU_SOURCE /opt/cmake-3.24.2-linux-x86_64/share/cmake-3.24/Modules/CMakeCXXCompilerABI.cpp -quiet -dumpdir CMakeFiles/cmTC_606cb.dir/ -dumpbase CMakeCXXCompilerABI.cpp.cpp -dumpbase-ext .cpp -mtune=generic -march=x86-64 -version -o /tmp/ccubyFtf.s
GNU C++17 (GCC) version 12.0.1 20220210 (experimental) (x86_64-pc-linux-gnu)
	compiled by GNU C version 12.0.1 20220210 (experimental), GMP version 6.2.0, MPFR version 4.0.2, MPC version 1.1.0, isl version none
GGC heuristics: --param ggc-min-expand=30 --param ggc-min-heapsize=4096
ignoring nonexistent directory "/usr/local/include/x86_64-linux-gnu"
ignoring nonexistent directory "/usr/local/lib/gcc/x86_64-pc-linux-gnu/12.0.1/../../../../x86_64-pc-linux-gnu/include"
#include "..." search starts here:
#include <...> search starts here:
 /usr/local/lib/gcc/x86_64-pc-linux-gnu/12.0.1/../../../../include/c++/12.0.1
 /usr/local/lib/gcc/x86_64-pc-linux-gnu/12.0.1/../../../../include/c++/12.0.1/x86_64-pc-linux-gnu
 /usr/local/lib/gcc/x86_64-pc-linux-gnu/12.0.1/../../../../include/c++/12.0.1/backward
 /usr/local/lib/gcc/x86_64-pc-linux-gnu/12.0.1/include
 /usr/local/include
 /usr/local/lib/gcc/x86_64-pc-linux-gnu/12.0.1/include-fixed
 /usr/include/x86_64-linux-gnu
 /usr/include
End of search list.
GNU C++17 (GCC) version 12.0.1 20220210 (experimental) (x86_64-pc-linux-gnu)
	compiled by GNU C version 12.0.1 20220210 (experimental), GMP version 6.2.0, MPFR version 4.0.2, MPC version 1.1.0, isl version none
GGC heuristics: --param ggc-min-expand=30 --param ggc-min-heapsize=4096
Compiler executable checksum: 22d180ca5c8edf27515ad3d890db2433
COLLECT_GCC_OPTIONS='-v' '-o' 'CMakeFiles/cmTC_606cb.dir/CMakeCXXCompilerABI.cpp.o' '-c' '-shared-libgcc' '-mtune=generic' '-march=x86-64' '-dumpdir' 'CMakeFiles/cmTC_606cb.dir/'
 as -v --64 -o CMakeFiles/cmTC_606cb.dir/CMakeCXXCompilerABI.cpp.o /tmp/ccubyFtf.s
GNU assembler version 2.34 (x86_64-linux-gnu) using BFD version (GNU Binutils for Ubuntu) 2.34
COMPILER_PATH=/usr/local/libexec/gcc/x86_64-pc-linux-gnu/12.0.1/:/usr/local/libexec/gcc/x86_64-pc-linux-gnu/12.0.1/:/usr/local/libexec/gcc/x86_64-pc-linux-gnu/:/usr/local/lib/gcc/x86_64-pc-linux-gnu/12.0.1/:/usr/local/lib/gcc/x86_64-pc-linux-gnu/
LIBRARY_PATH=/usr/local/lib/gcc/x86_64-pc-linux-gnu/12.0.1/:/usr/local/lib/gcc/x86_64-pc-linux-gnu/12.0.1/../../../../lib64/:/lib/x86_64-linux-gnu/:/lib/../lib64/:/usr/lib/x86_64-linux-gnu/:/usr/lib/../lib64/:/usr/local/lib/gcc/x86_64-pc-linux-gnu/12.0.1/../../../:/lib/:/usr/lib/
COLLECT_GCC_OPTIONS='-v' '-o' 'CMakeFiles/cmTC_606cb.dir/CMakeCXXCompilerABI.cpp.o' '-c' '-shared-libgcc' '-mtune=generic' '-march=x86-64' '-dumpdir' 'CMakeFiles/cmTC_606cb.dir/CMakeCXXCompilerABI.cpp.'
Linking CXX executable cmTC_606cb
/opt/cmake-3.24.2-linux-x86_64/bin/cmake -E cmake_link_script CMakeFiles/cmTC_606cb.dir/link.txt --verbose=1
/usr/bin/c++  -v CMakeFiles/cmTC_606cb.dir/CMakeCXXCompilerABI.cpp.o -o cmTC_606cb 
Using built-in specs.
COLLECT_GCC=/usr/bin/c++
COLLECT_LTO_WRAPPER=/usr/local/libexec/gcc/x86_64-pc-linux-gnu/12.0.1/lto-wrapper
Target: x86_64-pc-linux-gnu
Configured with: ../src/configure --disable-multilib
Thread model: posix
Supported LTO compression algorithms: zlib
gcc version 12.0.1 20220210 (experimental) (GCC) 
COMPILER_PATH=/usr/local/libexec/gcc/x86_64-pc-linux-gnu/12.0.1/:/usr/local/libexec/gcc/x86_64-pc-linux-gnu/12.0.1/:/usr/local/libexec/gcc/x86_64-pc-linux-gnu/:/usr/local/lib/gcc/x86_64-pc-linux-gnu/12.0.1/:/usr/local/lib/gcc/x86_64-pc-linux-gnu/
LIBRARY_PATH=/usr/local/lib/gcc/x86_64-pc-linux-gnu/12.0.1/:/usr/local/lib/gcc/x86_64-pc-linux-gnu/12.0.1/../../../../lib64/:/lib/x86_64-linux-gnu/:/lib/../lib64/:/usr/lib/x86_64-linux-gnu/:/usr/lib/../lib64/:/usr/local/lib/gcc/x86_64-pc-linux-gnu/12.0.1/../../../:/lib/:/usr/lib/
COLLECT_GCC_OPTIONS='-v' '-o' 'cmTC_606cb' '-shared-libgcc' '-mtune=generic' '-march=x86-64' '-dumpdir' 'cmTC_606cb.'
 /usr/local/libexec/gcc/x86_64-pc-linux-gnu/12.0.1/collect2 -plugin /usr/local/libexec/gcc/x86_64-pc-linux-gnu/12.0.1/liblto_plugin.so -plugin-opt=/usr/local/libexec/gcc/x86_64-pc-linux-gnu/12.0.1/lto-wrapper -plugin-opt=-fresolution=/tmp/cck9xSjE.res -plugin-opt=-pass-through=-lgcc_s -plugin-opt=-pass-through=-lgcc -plugin-opt=-pass-through=-lc -plugin-opt=-pass-through=-lgcc_s -plugin-opt=-pass-through=-lgcc --eh-frame-hdr -m elf_x86_64 -dynamic-linker /lib64/ld-linux-x86-64.so.2 -o cmTC_606cb /lib/x86_64-linux-gnu/crt1.o /lib/x86_64-linux-gnu/crti.o /usr/local/lib/gcc/x86_64-pc-linux-gnu/12.0.1/crtbegin.o -L/usr/local/lib/gcc/x86_64-pc-linux-gnu/12.0.1 -L/usr/local/lib/gcc/x86_64-pc-linux-gnu/12.0.1/../../../../lib64 -L/lib/x86_64-linux-gnu -L/lib/../lib64 -L/usr/lib/x86_64-linux-gnu -L/usr/lib/../lib64 -L/usr/local/lib/gcc/x86_64-pc-linux-gnu/12.0.1/../../.. CMakeFiles/cmTC_606cb.dir/CMakeCXXCompilerABI.cpp.o -lstdc++ -lm -lgcc_s -lgcc -lc -lgcc_s -lgcc /usr/local/lib/gcc/x86_64-pc-linux-gnu/12.0.1/crtend.o /lib/x86_64-linux-gnu/crtn.o
COLLECT_GCC_OPTIONS='-v' '-o' 'cmTC_606cb' '-shared-libgcc' '-mtune=generic' '-march=x86-64' '-dumpdir' 'cmTC_606cb.'
make[1]: Leaving directory '/home/caozhanhao/dev/opqr-python/build/CMakeFiles/CMakeTmp'



Parsed CXX implicit include dir info from above output: rv=done
  found start of include info
  found start of implicit include info
    add: [/usr/local/lib/gcc/x86_64-pc-linux-gnu/12.0.1/../../../../include/c++/12.0.1]
    add: [/usr/local/lib/gcc/x86_64-pc-linux-gnu/12.0.1/../../../../include/c++/12.0.1/x86_64-pc-linux-gnu]
    add: [/usr/local/lib/gcc/x86_64-pc-linux-gnu/12.0.1/../../../../include/c++/12.0.1/backward]
    add: [/usr/local/lib/gcc/x86_64-pc-linux-gnu/12.0.1/include]
    add: [/usr/local/include]
    add: [/usr/local/lib/gcc/x86_64-pc-linux-gnu/12.0.1/include-fixed]
    add: [/usr/include/x86_64-linux-gnu]
    add: [/usr/include]
  end of search list found
  collapse include dir [/usr/local/lib/gcc/x86_64-pc-linux-gnu/12.0.1/../../../../include/c++/12.0.1] ==> [/usr/local/include/c++/12.0.1]
  collapse include dir [/usr/local/lib/gcc/x86_64-pc-linux-gnu/12.0.1/../../../../include/c++/12.0.1/x86_64-pc-linux-gnu] ==> [/usr/local/include/c++/12.0.1/x86_64-pc-linux-gnu]
  collapse include dir [/usr/local/lib/gcc/x86_64-pc-linux-gnu/12.0.1/../../../../include/c++/12.0.1/backward] ==> [/usr/local/include/c++/12.0.1/backward]
  collapse include dir [/usr/local/lib/gcc/x86_64-pc-linux-gnu/12.0.1/include] ==> [/usr/local/lib/gcc/x86_64-pc-linux-gnu/12.0.1/include]
  collapse include dir [/usr/local/include] ==> [/usr/local/include]
  collapse include dir [/usr/local/lib/gcc/x86_64-pc-linux-gnu/12.0.1/include-fixed] ==> [/usr/local/lib/gcc/x86_64-pc-linux-gnu/12.0.1/include-fixed]
  collapse include dir [/usr/include/x86_64-linux-gnu] ==> [/usr/include/x86_64-linux-gnu]
  collapse include dir [/usr/include] ==> [/usr/include]
  implicit include dirs: [/usr/local/include/c++/12.0.1;/usr/local/include/c++/12.0.1/x86_64-pc-linux-gnu;/usr/local/include/c++/12.0.1/backward;/usr/local/lib/gcc/x86_64-pc-linux-gnu/12.0.1/include;/usr/local/include;/usr/local/lib/gcc/x86_64-pc-linux-gnu/12.0.1/include-fixed;/usr/include/x86_64-linux-gnu;/usr/include]


Parsed CXX implicit link information from above output:
  link line regex: [^( *|.*[/\])(ld|CMAKE_LINK_STARTFILE-NOTFOUND|([^/\]+-)?ld|collect2)[^/\]*( |$)]
  ignore line: [Change Dir: /home/caozhanhao/dev/opqr-python/build/CMakeFiles/CMakeTmp]
  ignore line: []
  ignore line: [Run Build Command(s):/usr/bin/make -f Makefile cmTC_606cb/fast && /usr/bin/make  -f CMakeFiles/cmTC_606cb.dir/build.make CMakeFiles/cmTC_606cb.dir/build]
  ignore line: [make[1]: Entering directory '/home/caozhanhao/dev/opqr-python/build/CMakeFiles/CMakeTmp']
  ignore line: [Building CXX object CMakeFiles/cmTC_606cb.dir/CMakeCXXCompilerABI.cpp.o]
  ignore line: [/usr/bin/c++   -v -o CMakeFiles/cmTC_606cb.dir/CMakeCXXCompilerABI.cpp.o -c /opt/cmake-3.24.2-linux-x86_64/share/cmake-3.24/Modules/CMakeCXXCompilerABI.cpp]
  ignore line: [Using built-in specs.]
  ignore line: [COLLECT_GCC=/usr/bin/c++]
  ignore line: [Target: x86_64-pc-linux-gnu]
  ignore line: [Configured with: ../src/configure --disable-multilib]
  ignore line: [Thread model: posix]
  ignore line: [Supported LTO compression algorithms: zlib]
  ignore line: [gcc version 12.0.1 20220210 (experimental) (GCC) ]
  ignore line: [COLLECT_GCC_OPTIONS='-v' '-o' 'CMakeFiles/cmTC_606cb.dir/CMakeCXXCompilerABI.cpp.o' '-c' '-shared-libgcc' '-mtune=generic' '-march=x86-64' '-dumpdir' 'CMakeFiles/cmTC_606cb.dir/']
  ignore line: [ /usr/local/libexec/gcc/x86_64-pc-linux-gnu/12.0.1/cc1plus -quiet -v -imultiarch x86_64-linux-gnu -D_GNU_SOURCE /opt/cmake-3.24.2-linux-x86_64/share/cmake-3.24/Modules/CMakeCXXCompilerABI.cpp -quiet -dumpdir CMakeFiles/cmTC_606cb.dir/ -dumpbase CMakeCXXCompilerABI.cpp.cpp -dumpbase-ext .cpp -mtune=generic -march=x86-64 -version -o /tmp/ccubyFtf.s]
  ignore line: [GNU C++17 (GCC) version 12.0.1 20220210 (experimental) (x86_64-pc-linux-gnu)]
  ignore line: [	compiled by GNU C version 12.0.1 20220210 (experimental)  GMP version 6.2.0  MPFR version 4.0.2  MPC version 1.1.0  isl version none]
  ignore line: [GGC heuristics: --param ggc-min-expand=30 --param ggc-min-heapsize=4096]
  ignore line: [ignoring nonexistent directory "/usr/local/include/x86_64-linux-gnu"]
  ignore line: [ignoring nonexistent directory "/usr/local/lib/gcc/x86_64-pc-linux-gnu/12.0.1/../../../../x86_64-pc-linux-gnu/include"]
  ignore line: [#include "..." search starts here:]
  ignore line: [#include <...> search starts here:]
  ignore line: [ /usr/local/lib/gcc/x86_64-pc-linux-gnu/12.0.1/../../../../include/c++/12.0.1]
  ignore line: [ /usr/local/lib/gcc/x86_64-pc-linux-gnu/12.0.1/../../../../include/c++/12.0.1/x86_64-pc-linux-gnu]
  ignore line: [ /usr/local/lib/gcc/x86_64-pc-linux-gnu/12.0.1/../../../../include/c++/12.0.1/backward]
  ignore line: [ /usr/local/lib/gcc/x86_64-pc-linux-gnu/12.0.1/include]
  ignore line: [ /usr/local/include]
  ignore line: [ /usr/local/lib/gcc/x86_64-pc-linux-gnu/12.0.1/include-fixed]
  ignore line: [ /usr/include/x86_64-linux-gnu]
  ignore line: [ /usr/include]
  ignore line: [End of search list.]
  ignore line: [GNU C++17 (GCC) version 12.0.1 20220210 (experimental) (x86_64-pc-linux-gnu)]
  ignore line: [	compiled by GNU C version 12.0.1 20220210 (experimental)  GMP version 6.2.0  MPFR version 4.0.2  MPC version 1.1.0  isl version none]
  ignore line: [GGC heuristics: --param ggc-min-expand=30 --param ggc-min-heapsize=4096]
  ignore line: [Compiler executable checksum: 22d180ca5c8edf27515ad3d890db2433]
  ignore line: [COLLECT_GCC_OPTIONS='-v' '-o' 'CMakeFiles/cmTC_606cb.dir/CMakeCXXCompilerABI.cpp.o' '-c' '-shared-libgcc' '-mtune=generic' '-march=x86-64' '-dumpdir' 'CMakeFiles/cmTC_606cb.dir/']
  ignore line: [ as -v --64 -o CMakeFiles/cmTC_606cb.dir/CMakeCXXCompilerABI.cpp.o /tmp/ccubyFtf.s]
  ignore line: [GNU assembler version 2.34 (x86_64-linux-gnu) using BFD version (GNU Binutils for Ubuntu) 2.34]
  ignore line: [COMPILER_PATH=/usr/local/libexec/gcc/x86_64-pc-linux-gnu/12.0.1/:/usr/local/libexec/gcc/x86_64-pc-linux-gnu/12.0.1/:/usr/local/libexec/gcc/x86_64-pc-linux-gnu/:/usr/local/lib/gcc/x86_64-pc-linux-gnu/12.0.1/:/usr/local/lib/gcc/x86_64-pc-linux-gnu/]
  ignore line: [LIBRARY_PATH=/usr/local/lib/gcc/x86_64-pc-linux-gnu/12.0.1/:/usr/local/lib/gcc/x86_64-pc-linux-gnu/12.0.1/../../../../lib64/:/lib/x86_64-linux-gnu/:/lib/../lib64/:/usr/lib/x86_64-linux-gnu/:/usr/lib/../lib64/:/usr/local/lib/gcc/x86_64-pc-linux-gnu/12.0.1/../../../:/lib/:/usr/lib/]
  ignore line: [COLLECT_GCC_OPTIONS='-v' '-o' 'CMakeFiles/cmTC_606cb.dir/CMakeCXXCompilerABI.cpp.o' '-c' '-shared-libgcc' '-mtune=generic' '-march=x86-64' '-dumpdir' 'CMakeFiles/cmTC_606cb.dir/CMakeCXXCompilerABI.cpp.']
  ignore line: [Linking CXX executable cmTC_606cb]
  ignore line: [/opt/cmake-3.24.2-linux-x86_64/bin/cmake -E cmake_link_script CMakeFiles/cmTC_606cb.dir/link.txt --verbose=1]
  ignore line: [/usr/bin/c++  -v CMakeFiles/cmTC_606cb.dir/CMakeCXXCompilerABI.cpp.o -o cmTC_606cb ]
  ignore line: [Using built-in specs.]
  ignore line: [COLLECT_GCC=/usr/bin/c++]
  ignore line: [COLLECT_LTO_WRAPPER=/usr/local/libexec/gcc/x86_64-pc-linux-gnu/12.0.1/lto-wrapper]
  ignore line: [Target: x86_64-pc-linux-gnu]
  ignore line: [Configured with: ../src/configure --disable-multilib]
  ignore line: [Thread model: posix]
  ignore line: [Supported LTO compression algorithms: zlib]
  ignore line: [gcc version 12.0.1 20220210 (experimental) (GCC) ]
  ignore line: [COMPILER_PATH=/usr/local/libexec/gcc/x86_64-pc-linux-gnu/12.0.1/:/usr/local/libexec/gcc/x86_64-pc-linux-gnu/12.0.1/:/usr/local/libexec/gcc/x86_64-pc-linux-gnu/:/usr/local/lib/gcc/x86_64-pc-linux-gnu/12.0.1/:/usr/local/lib/gcc/x86_64-pc-linux-gnu/]
  ignore line: [LIBRARY_PATH=/usr/local/lib/gcc/x86_64-pc-linux-gnu/12.0.1/:/usr/local/lib/gcc/x86_64-pc-linux-gnu/12.0.1/../../../../lib64/:/lib/x86_64-linux-gnu/:/lib/../lib64/:/usr/lib/x86_64-linux-gnu/:/usr/lib/../lib64/:/usr/local/lib/gcc/x86_64-pc-linux-gnu/12.0.1/../../../:/lib/:/usr/lib/]
  ignore line: [COLLECT_GCC_OPTIONS='-v' '-o' 'cmTC_606cb' '-shared-libgcc' '-mtune=generic' '-march=x86-64' '-dumpdir' 'cmTC_606cb.']
  link line: [ /usr/local/libexec/gcc/x86_64-pc-linux-gnu/12.0.1/collect2 -plugin /usr/local/libexec/gcc/x86_64-pc-linux-gnu/12.0.1/liblto_plugin.so -plugin-opt=/usr/local/libexec/gcc/x86_64-pc-linux-gnu/12.0.1/lto-wrapper -plugin-opt=-fresolution=/tmp/cck9xSjE.res -plugin-opt=-pass-through=-lgcc_s -plugin-opt=-pass-through=-lgcc -plugin-opt=-pass-through=-lc -plugin-opt=-pass-through=-lgcc_s -plugin-opt=-pass-through=-lgcc --eh-frame-hdr -m elf_x86_64 -dynamic-linker /lib64/ld-linux-x86-64.so.2 -o cmTC_606cb /lib/x86_64-linux-gnu/crt1.o /lib/x86_64-linux-gnu/crti.o /usr/local/lib/gcc/x86_64-pc-linux-gnu/12.0.1/crtbegin.o -L/usr/local/lib/gcc/x86_64-pc-linux-gnu/12.0.1 -L/usr/local/lib/gcc/x86_64-pc-linux-gnu/12.0.1/../../../../lib64 -L/lib/x86_64-linux-gnu -L/lib/../lib64 -L/usr/lib/x86_64-linux-gnu -L/usr/lib/../lib64 -L/usr/local/lib/gcc/x86_64-pc-linux-gnu/12.0.1/../../.. CMakeFiles/cmTC_606cb.dir/CMakeCXXCompilerABI.cpp.o -lstdc++ -lm -lgcc_s -lgcc -lc -lgcc_s -lgcc /usr/local/lib/gcc/x86_64-pc-linux-gnu/12.0.1/crtend.o /lib/x86_64-linux-gnu/crtn.o]
    arg [/usr/local/libexec/gcc/x86_64-pc-linux-gnu/12.0.1/collect2] ==> ignore
    arg [-plugin] ==> ignore
    arg [/usr/local/libexec/gcc/x86_64-pc-linux-gnu/12.0.1/liblto_plugin.so] ==> ignore
    arg [-plugin-opt=/usr/local/libexec/gcc/x86_64-pc-linux-gnu/12.0.1/lto-wrapper] ==> ignore
    arg [-plugin-opt=-fresolution=/tmp/cck9xSjE.res] ==> ignore
    arg [-plugin-opt=-pass-through=-lgcc_s] ==> ignore
    arg [-plugin-opt=-pass-through=-lgcc] ==> ignore
    arg [-plugin-opt=-pass-through=-lc] ==> ignore
    arg [-plugin-opt=-pass-through=-lgcc_s] ==> ignore
    arg [-plugin-opt=-pass-through=-lgcc] ==> ignore
    arg [--eh-frame-hdr] ==> ignore
    arg [-m] ==> ignore
    arg [elf_x86_64] ==> ignore
    arg [-dynamic-linker] ==> ignore
    arg [/lib64/ld-linux-x86-64.so.2] ==> ignore
    arg [-o] ==> ignore
    arg [cmTC_606cb] ==> ignore
    arg [/lib/x86_64-linux-gnu/crt1.o] ==> obj [/lib/x86_64-linux-gnu/crt1.o]
    arg [/lib/x86_64-linux-gnu/crti.o] ==> obj [/lib/x86_64-linux-gnu/crti.o]
    arg [/usr/local/lib/gcc/x86_64-pc-linux-gnu/12.0.1/crtbegin.o] ==> obj [/usr/local/lib/gcc/x86_64-pc-linux-gnu/12.0.1/crtbegin.o]
    arg [-L/usr/local/lib/gcc/x86_64-pc-linux-gnu/12.0.1] ==> dir [/usr/local/lib/gcc/x86_64-pc-linux-gnu/12.0.1]
    arg [-L/usr/local/lib/gcc/x86_64-pc-linux-gnu/12.0.1/../../../../lib64] ==> dir [/usr/local/lib/gcc/x86_64-pc-linux-gnu/12.0.1/../../../../lib64]
    arg [-L/lib/x86_64-linux-gnu] ==> dir [/lib/x86_64-linux-gnu]
    arg [-L/lib/../lib64] ==> dir [/lib/../lib64]
    arg [-L/usr/lib/x86_64-linux-gnu] ==> dir [/usr/lib/x86_64-linux-gnu]
    arg [-L/usr/lib/../lib64] ==> dir [/usr/lib/../lib64]
    arg [-L/usr/local/lib/gcc/x86_64-pc-linux-gnu/12.0.1/../../..] ==> dir [/usr/local/lib/gcc/x86_64-pc-linux-gnu/12.0.1/../../..]
    arg [CMakeFiles/cmTC_606cb.dir/CMakeCXXCompilerABI.cpp.o] ==> ignore
    arg [-lstdc++] ==> lib [stdc++]
    arg [-lm] ==> lib [m]
    arg [-lgcc_s] ==> lib [gcc_s]
    arg [-lgcc] ==> lib [gcc]
    arg [-lc] ==> lib [c]
    arg [-lgcc_s] ==> lib [gcc_s]
    arg [-lgcc] ==> lib [gcc]
    arg [/usr/local/lib/gcc/x86_64-pc-linux-gnu/12.0.1/crtend.o] ==> obj [/usr/local/lib/gcc/x86_64-pc-linux-gnu/12.0.1/crtend.o]
    arg [/lib/x86_64-linux-gnu/crtn.o] ==> obj [/lib/x86_64-linux-gnu/crtn.o]
  collapse library dir [/usr/local/lib/gcc/x86_64-pc-linux-gnu/12.0.1] ==> [/usr/local/lib/gcc/x86_64-pc-linux-gnu/12.0.1]
  collapse library dir [/usr/local/lib/gcc/x86_64-pc-linux-gnu/12.0.1/../../../../lib64] ==> [/usr/local/lib64]
  collapse library dir [/lib/x86_64-linux-gnu] ==> [/lib/x86_64-linux-gnu]
  collapse library dir [/lib/../lib64] ==> [/lib64]
  collapse library dir [/usr/lib/x86_64-linux-gnu] ==> [/usr/lib/x86_64-linux-gnu]
  collapse library dir [/usr/lib/../lib64] ==> [/usr/lib64]
  collapse library dir [/usr/local/lib/gcc/x86_64-pc-linux-gnu/12.0.1/../../..] ==> [/usr/local/lib]
  implicit libs: [stdc++;m;gcc_s;gcc;c;gcc_s;gcc]
  implicit objs: [/lib/x86_64-linux-gnu/crt1.o;/lib/x86_64-linux-gnu/crti.o;/usr/local/lib/gcc/x86_64-pc-linux-gnu/12.0.1/crtbegin.o;/usr/local/lib/gcc/x86_64-pc-linux-gnu/12.0.1/crtend.o;/lib/x86_64-linux-gnu/crtn.o]
  implicit dirs: [/usr/local/lib/gcc/x86_64-pc-linux-gnu/12.0.1;/usr/local/lib64;/lib/x86_64-linux-gnu;/lib64;/usr/lib/x86_64-linux-gnu;/usr/lib64;/usr/local/lib]
  implicit fwks: []


